
CUDA
nvcc: NVIDIA (R) Cuda compiler driver
Copyright (c) 2005-2022 NVIDIA Corporation
Built on Wed_Sep_21_10:33:58_PDT_2022
Cuda compilation tools, release 11.8, V11.8.89
Build cuda_11.8.r11.8/compiler.31833905_0
anaconda tensorflow
no change     /usr/local/anaconda3.22/condabin/conda
no change     /usr/local/anaconda3.22/bin/conda
no change     /usr/local/anaconda3.22/bin/conda-env
no change     /usr/local/anaconda3.22/bin/activate
no change     /usr/local/anaconda3.22/bin/deactivate
no change     /usr/local/anaconda3.22/etc/profile.d/conda.sh
no change     /usr/local/anaconda3.22/etc/fish/conf.d/conda.fish
no change     /usr/local/anaconda3.22/shell/condabin/Conda.psm1
no change     /usr/local/anaconda3.22/shell/condabin/conda-hook.ps1
no change     /usr/local/anaconda3.22/lib/python3.9/site-packages/xontrib/conda.xsh
no change     /usr/local/anaconda3.22/etc/profile.d/conda.csh
no change     /export/home/alessio.rondelli2/.bashrc
No action taken.

CommandNotFoundError: Your shell has not been properly configured to use 'conda activate'.
To initialize your shell, run

    $ conda init <SHELL_NAME>

Currently supported shells are:
  - bash
  - fish
  - tcsh
  - xonsh
  - zsh
  - powershell

See 'conda init --help' for more information and options.

IMPORTANT: You may need to close and restart your shell after running 'conda init'.


2026-03-09 11:54:38.375332: I tensorflow/core/platform/cpu_feature_guard.cc:193] This TensorFlow binary is optimized with oneAPI Deep Neural Network Library (oneDNN) to use the following CPU instructions in performance-critical operations:  AVX2 FMA
To enable them in other operations, rebuild TensorFlow with the appropriate compiler flags.
2026-03-09 11:54:38.595572: E tensorflow/stream_executor/cuda/cuda_blas.cc:2981] Unable to register cuBLAS factory: Attempting to register factory for plugin cuBLAS when one has already been registered
2026-03-09 11:54:39.407167: W tensorflow/stream_executor/platform/default/dso_loader.cc:64] Could not load dynamic library 'libnvinfer.so.7'; dlerror: libnvinfer.so.7: cannot open shared object file: No such file or directory; LD_LIBRARY_PATH: /usr/local/cuda-11.6/lib64
2026-03-09 11:54:39.407289: W tensorflow/stream_executor/platform/default/dso_loader.cc:64] Could not load dynamic library 'libnvinfer_plugin.so.7'; dlerror: libnvinfer_plugin.so.7: cannot open shared object file: No such file or directory; LD_LIBRARY_PATH: /usr/local/cuda-11.6/lib64
2026-03-09 11:54:39.407302: W tensorflow/compiler/tf2tensorrt/utils/py_utils.cc:38] TF-TRT Warning: Cannot dlopen some TensorRT libraries. If you would like to use Nvidia GPU with TensorRT, please make sure the missing libraries mentioned above are installed properly.
2026-03-09 11:54:41,682 - time_stitching - INFO - Avvio esperimento con mode=recursive
2026-03-09 11:54:41,685 - time_stitching - INFO - [TrainingPlan] loaded 35 rules from prova_da_fare/training_plan.csv
2026-03-09 11:54:41,685 - time_stitching - INFO - [ExactSolution] enabled profile='quadratic_coupled'
2026-03-09 11:54:41,692 - time_stitching - INFO - [Artifacts] run directory: results/run_20260309_115441
2026-03-09 11:54:41,692 - time_stitching - INFO - 
==================== RECURSIVE ====================
2026-03-09 11:54:41,694 - time_stitching - INFO - [Recursive] blocks=8 -> [(0.0, 0.5), (0.5, 1.0), (1.0, 1.5), (1.5, 2.0), (2.0, 2.5), (2.5, 3.0), (3.0, 3.5), (3.5, 4.0)], n_passes=3
2026-03-09 11:54:41,699 - time_stitching - INFO - 
[RecursiveBlock] pass0:block7 t=[3.50,4.00] T_block=0.50
2026-03-09 11:54:41.821698: I tensorflow/core/platform/cpu_feature_guard.cc:193] This TensorFlow binary is optimized with oneAPI Deep Neural Network Library (oneDNN) to use the following CPU instructions in performance-critical operations:  AVX2 FMA
To enable them in other operations, rebuild TensorFlow with the appropriate compiler flags.
2026-03-09 11:54:42.617942: I tensorflow/core/common_runtime/gpu/gpu_device.cc:1616] Created device /job:localhost/replica:0/task:0/device:GPU:0 with 30975 MB memory:  -> device: 0, name: Tesla V100-PCIE-32GB, pci bus id: 0000:41:00.0, compute capability: 7.0
Traceback (most recent call last):
  File "/export/home/alessio.rondelli2/alessio_python/modules/main.py", line 882, in <module>
    main()
  File "/export/home/alessio.rondelli2/alessio_python/modules/main.py", line 744, in main
    rec = run_recursive_training(
  File "/export/home/alessio.rondelli2/alessio_python/modules/train.py", line 1045, in run_recursive_training
    blobs_i, logs_i, ref_loss_i, pass_dir_i = _run_pass(
  File "/export/home/alessio.rondelli2/alessio_python/modules/train.py", line 859, in _run_pass
    model = NN_Quadratic_Coupled_Recursive(
  File "/export/home/alessio.rondelli2/alessio_python/modules/models.py", line 543, in __init__
    FBSNN_Recursive.__init__(
  File "/export/home/alessio.rondelli2/alessio_python/modules/models.py", line 354, in __init__
    super().__init__(
TypeError: __init__() got an unexpected keyword argument 'clip_grad_norm'
Finito 1
2026-03-09 11:54:44.443463: E tensorflow/stream_executor/cuda/cuda_blas.cc:2981] Unable to register cuBLAS factory: Attempting to register factory for plugin cuBLAS when one has already been registered
WARNING:tensorflow:From /usr/local/anaconda3.22/lib/python3.9/site-packages/tensorflow/python/compat/v2_compat.py:107: disable_resource_variables (from tensorflow.python.ops.variable_scope) is deprecated and will be removed in a future version.
Instructions for updating:
non-resource variables are not supported in the long term
slurmstepd-gpu01: error: *** JOB 559 ON gpu01 CANCELLED AT 2026-03-09T12:03:50 ***
